<?xml version="1.0" encoding="UTF-8"?>
<con:soapui-workspace name="Projects" soapui-version="5.8.0" xmlns:con="http://eviware.com/soapui/config">
  <con:settings/>
  <con:project name="zaakbrug">C:/Projects/zaakbrug/soapui-project.xml</con:project>
  <con:project name="zaakbrug">C:/Projects/zaakbrug/e2e/SoapUI/zaakbrug-e2e-soapui-project.xml</con:project>
  <con:collectInfoForSupport>false</con:collectInfoForSupport>
</con:soapui-workspace>